Analysis & Synthesis report for risc_cpu
Mon Apr 27 12:42:29 2026
Quartus Prime Version 25.1std.0 Build 1129 10/21/2025 SC Lite Edition


---------------------
; Table of Contents ;
---------------------
  1. Legal Notice
  2. Analysis & Synthesis Summary
  3. Analysis & Synthesis Settings
  4. Parallel Compilation
  5. Analysis & Synthesis Source Files Read
  6. Analysis & Synthesis Resource Usage Summary
  7. Analysis & Synthesis Resource Utilization by Entity
  8. Registers Removed During Synthesis
  9. General Register Statistics
 10. Multiplexer Restructuring Statistics (Restructuring Performed)
 11. Parameter Settings for User Entity Instance: clk_div:cpu_clock
 12. Port Connectivity Checks: "control_unit:ctrl"
 13. Post-Synthesis Netlist Statistics for Top Partition
 14. Elapsed Time Per Partition
 15. Analysis & Synthesis Messages



----------------
; Legal Notice ;
----------------
Copyright (C) 2025  Altera Corporation. All rights reserved.
Your use of Altera Corporation's design tools, logic functions 
and other software and tools, and any partner logic 
functions, and any output files from any of the foregoing 
(including device programming or simulation files), and any 
associated documentation or information are expressly subject 
to the terms and conditions of the Altera Program License 
Subscription Agreement, the Altera Quartus Prime License Agreement,
the Altera IP License Agreement, or other applicable license
agreement, including, without limitation, that your use is for
the sole purpose of programming logic devices manufactured by
Altera and sold by Altera or its authorized distributors.  Please
refer to the Altera Software License Subscription Agreements 
on the Quartus Prime software download page.



+--------------------------------------------------------------------------------------+
; Analysis & Synthesis Summary                                                         ;
+------------------------------------+-------------------------------------------------+
; Analysis & Synthesis Status        ; Successful - Mon Apr 27 12:42:29 2026           ;
; Quartus Prime Version              ; 25.1std.0 Build 1129 10/21/2025 SC Lite Edition ;
; Revision Name                      ; risc_cpu                                        ;
; Top-level Entity Name              ; risc_cpu                                        ;
; Family                             ; MAX 10                                          ;
; Total logic elements               ; 274                                             ;
;     Total combinational functions  ; 242                                             ;
;     Dedicated logic registers      ; 83                                              ;
; Total registers                    ; 83                                              ;
; Total pins                         ; 66                                              ;
; Total virtual pins                 ; 0                                               ;
; Total memory bits                  ; 0                                               ;
; Embedded Multiplier 9-bit elements ; 0                                               ;
; Total PLLs                         ; 0                                               ;
; UFM blocks                         ; 0                                               ;
; ADC blocks                         ; 0                                               ;
+------------------------------------+-------------------------------------------------+


+------------------------------------------------------------------------------------------------------------+
; Analysis & Synthesis Settings                                                                              ;
+------------------------------------------------------------------+--------------------+--------------------+
; Option                                                           ; Setting            ; Default Value      ;
+------------------------------------------------------------------+--------------------+--------------------+
; Device                                                           ; 10M50DAF484C7G     ;                    ;
; Top-level entity name                                            ; risc_cpu           ; risc_cpu           ;
; Family name                                                      ; MAX 10             ; Cyclone V          ;
; Use smart compilation                                            ; Off                ; Off                ;
; Enable parallel Assembler and Timing Analyzer during compilation ; On                 ; On                 ;
; Enable compact report table                                      ; Off                ; Off                ;
; Restructure Multiplexers                                         ; Auto               ; Auto               ;
; Create Debugging Nodes for IP Cores                              ; Off                ; Off                ;
; Preserve fewer node names                                        ; On                 ; On                 ;
; Intel FPGA IP Evaluation Mode                                    ; Enable             ; Enable             ;
; Verilog Version                                                  ; Verilog_2001       ; Verilog_2001       ;
; VHDL Version                                                     ; VHDL_1993          ; VHDL_1993          ;
; State Machine Processing                                         ; Auto               ; Auto               ;
; Safe State Machine                                               ; Off                ; Off                ;
; Extract Verilog State Machines                                   ; On                 ; On                 ;
; Extract VHDL State Machines                                      ; On                 ; On                 ;
; Ignore Verilog initial constructs                                ; Off                ; Off                ;
; Iteration limit for constant Verilog loops                       ; 5000               ; 5000               ;
; Iteration limit for non-constant Verilog loops                   ; 250                ; 250                ;
; Add Pass-Through Logic to Inferred RAMs                          ; On                 ; On                 ;
; Infer RAMs from Raw Logic                                        ; On                 ; On                 ;
; Parallel Synthesis                                               ; On                 ; On                 ;
; DSP Block Balancing                                              ; Auto               ; Auto               ;
; NOT Gate Push-Back                                               ; On                 ; On                 ;
; Power-Up Don't Care                                              ; On                 ; On                 ;
; Remove Redundant Logic Cells                                     ; Off                ; Off                ;
; Remove Duplicate Registers                                       ; On                 ; On                 ;
; Ignore CARRY Buffers                                             ; Off                ; Off                ;
; Ignore CASCADE Buffers                                           ; Off                ; Off                ;
; Ignore GLOBAL Buffers                                            ; Off                ; Off                ;
; Ignore ROW GLOBAL Buffers                                        ; Off                ; Off                ;
; Ignore LCELL Buffers                                             ; Off                ; Off                ;
; Ignore SOFT Buffers                                              ; On                 ; On                 ;
; Limit AHDL Integers to 32 Bits                                   ; Off                ; Off                ;
; Optimization Technique                                           ; Balanced           ; Balanced           ;
; Carry Chain Length                                               ; 70                 ; 70                 ;
; Auto Carry Chains                                                ; On                 ; On                 ;
; Auto Open-Drain Pins                                             ; On                 ; On                 ;
; Perform WYSIWYG Primitive Resynthesis                            ; Off                ; Off                ;
; Auto ROM Replacement                                             ; On                 ; On                 ;
; Auto RAM Replacement                                             ; On                 ; On                 ;
; Auto DSP Block Replacement                                       ; On                 ; On                 ;
; Auto Shift Register Replacement                                  ; Auto               ; Auto               ;
; Allow Shift Register Merging across Hierarchies                  ; Auto               ; Auto               ;
; Auto Clock Enable Replacement                                    ; On                 ; On                 ;
; Strict RAM Replacement                                           ; Off                ; Off                ;
; Allow Synchronous Control Signals                                ; On                 ; On                 ;
; Force Use of Synchronous Clear Signals                           ; Off                ; Off                ;
; Auto RAM Block Balancing                                         ; On                 ; On                 ;
; Auto RAM to Logic Cell Conversion                                ; Off                ; Off                ;
; Auto Resource Sharing                                            ; Off                ; Off                ;
; Allow Any RAM Size For Recognition                               ; Off                ; Off                ;
; Allow Any ROM Size For Recognition                               ; Off                ; Off                ;
; Allow Any Shift Register Size For Recognition                    ; Off                ; Off                ;
; Use LogicLock Constraints during Resource Balancing              ; On                 ; On                 ;
; Ignore translate_off and synthesis_off directives                ; Off                ; Off                ;
; Timing-Driven Synthesis                                          ; On                 ; On                 ;
; Report Parameter Settings                                        ; On                 ; On                 ;
; Report Source Assignments                                        ; On                 ; On                 ;
; Report Connectivity Checks                                       ; On                 ; On                 ;
; Ignore Maximum Fan-Out Assignments                               ; Off                ; Off                ;
; Synchronization Register Chain Length                            ; 2                  ; 2                  ;
; Power Optimization During Synthesis                              ; Normal compilation ; Normal compilation ;
; HDL message level                                                ; Level2             ; Level2             ;
; Suppress Register Optimization Related Messages                  ; Off                ; Off                ;
; Number of Removed Registers Reported in Synthesis Report         ; 5000               ; 5000               ;
; Number of Swept Nodes Reported in Synthesis Report               ; 5000               ; 5000               ;
; Number of Inverted Registers Reported in Synthesis Report        ; 100                ; 100                ;
; Clock MUX Protection                                             ; On                 ; On                 ;
; Auto Gated Clock Conversion                                      ; Off                ; Off                ;
; Block Design Naming                                              ; Auto               ; Auto               ;
; SDC constraint protection                                        ; Off                ; Off                ;
; Synthesis Effort                                                 ; Auto               ; Auto               ;
; Shift Register Replacement - Allow Asynchronous Clear Signal     ; On                 ; On                 ;
; Pre-Mapping Resynthesis Optimization                             ; Off                ; Off                ;
; Analysis & Synthesis Message Level                               ; Medium             ; Medium             ;
; Disable Register Merging Across Hierarchies                      ; Auto               ; Auto               ;
; Resource Aware Inference For Block RAM                           ; On                 ; On                 ;
+------------------------------------------------------------------+--------------------+--------------------+


+------------------------------------------+
; Parallel Compilation                     ;
+----------------------------+-------------+
; Processors                 ; Number      ;
+----------------------------+-------------+
; Number detected on machine ; 2           ;
; Maximum allowed            ; 2           ;
;                            ;             ;
; Average used               ; 1.00        ;
; Maximum used               ; 2           ;
;                            ;             ;
; Usage by Processor         ; % Time Used ;
;     Processor 1            ; 100.0%      ;
;     Processor 2            ;   0.0%      ;
+----------------------------+-------------+


+---------------------------------------------------------------------------------------------------------------------------------------------+
; Analysis & Synthesis Source Files Read                                                                                                      ;
+----------------------------------+-----------------+-----------------------+------------------------------------------------------+---------+
; File Name with User-Entered Path ; Used in Netlist ; File Type             ; File Name with Absolute Path                         ; Library ;
+----------------------------------+-----------------+-----------------------+------------------------------------------------------+---------+
; risc_cpu.vhd                     ; yes             ; Auto-Found VHDL File  ; C:/Users/1/AppData/Local/quartus/risc_cpu.vhd        ;         ;
; clk_div.vhd                      ; yes             ; Auto-Found VHDL File  ; C:/Users/1/AppData/Local/quartus/clk_div.vhd         ;         ;
; program_counter.vhd              ; yes             ; Auto-Found VHDL File  ; C:/Users/1/AppData/Local/quartus/program_counter.vhd ;         ;
; program_rom.vhd                  ; yes             ; Auto-Found VHDL File  ; C:/Users/1/AppData/Local/quartus/program_rom.vhd     ;         ;
; control_unit.vhd                 ; yes             ; Auto-Found VHDL File  ; C:/Users/1/AppData/Local/quartus/control_unit.vhd    ;         ;
; data_registers.vhd               ; yes             ; Auto-Found VHDL File  ; C:/Users/1/AppData/Local/quartus/data_registers.vhd  ;         ;
; discrete_alu.vhd                 ; yes             ; Auto-Found VHDL File  ; C:/Users/1/AppData/Local/quartus/discrete_alu.vhd    ;         ;
; output_reg.vhd                   ; yes             ; Auto-Found VHDL File  ; C:/Users/1/AppData/Local/quartus/output_reg.vhd      ;         ;
; dec_7seg.vhd                     ; yes             ; Auto-Found VHDL File  ; C:/Users/1/AppData/Local/quartus/dec_7seg.vhd        ;         ;
+----------------------------------+-----------------+-----------------------+------------------------------------------------------+---------+


+------------------------------------------------------------------+
; Analysis & Synthesis Resource Usage Summary                      ;
+---------------------------------------------+--------------------+
; Resource                                    ; Usage              ;
+---------------------------------------------+--------------------+
; Estimated Total logic elements              ; 274                ;
;                                             ;                    ;
; Total combinational functions               ; 242                ;
; Logic element usage by number of LUT inputs ;                    ;
;     -- 4 input functions                    ; 158                ;
;     -- 3 input functions                    ; 20                 ;
;     -- <=2 input functions                  ; 64                 ;
;                                             ;                    ;
; Logic elements by mode                      ;                    ;
;     -- normal mode                          ; 202                ;
;     -- arithmetic mode                      ; 40                 ;
;                                             ;                    ;
; Total registers                             ; 83                 ;
;     -- Dedicated logic registers            ; 83                 ;
;     -- I/O registers                        ; 0                  ;
;                                             ;                    ;
; I/O pins                                    ; 66                 ;
;                                             ;                    ;
; Embedded Multiplier 9-bit elements          ; 0                  ;
;                                             ;                    ;
; Maximum fan-out node                        ; clock_50_mhz~input ;
; Maximum fan-out                             ; 83                 ;
; Total fan-out                               ; 1223               ;
; Average fan-out                             ; 2.68               ;
+---------------------------------------------+--------------------+


+--------------------------------------------------------------------------------------------------------------------------------------------------------------------------------------------------------------------------------------------------------+
; Analysis & Synthesis Resource Utilization by Entity                                                                                                                                                                                                    ;
+------------------------------+---------------------+---------------------------+-------------+------------+--------------+---------+-----------+------+--------------+------------+-----------------------------------+-----------------+--------------+
; Compilation Hierarchy Node   ; Combinational ALUTs ; Dedicated Logic Registers ; Memory Bits ; UFM Blocks ; DSP Elements ; DSP 9x9 ; DSP 18x18 ; Pins ; Virtual Pins ; ADC blocks ; Full Hierarchy Name               ; Entity Name     ; Library Name ;
+------------------------------+---------------------+---------------------------+-------------+------------+--------------+---------+-----------+------+--------------+------------+-----------------------------------+-----------------+--------------+
; |risc_cpu                    ; 242 (49)            ; 83 (0)                    ; 0           ; 0          ; 0            ; 0       ; 0         ; 66   ; 0            ; 0          ; |risc_cpu                         ; risc_cpu        ; work         ;
;    |clk_div:cpu_clock|       ; 48 (48)             ; 27 (27)                   ; 0           ; 0          ; 0            ; 0       ; 0         ; 0    ; 0            ; 0          ; |risc_cpu|clk_div:cpu_clock       ; clk_div         ; work         ;
;    |control_unit:ctrl|       ; 6 (6)               ; 0 (0)                     ; 0           ; 0          ; 0            ; 0       ; 0         ; 0    ; 0            ; 0          ; |risc_cpu|control_unit:ctrl       ; control_unit    ; work         ;
;    |data_registers:regs|     ; 20 (20)             ; 32 (32)                   ; 0           ; 0          ; 0            ; 0       ; 0         ; 0    ; 0            ; 0          ; |risc_cpu|data_registers:regs     ; data_registers  ; work         ;
;    |dec_7seg:seg_hi|         ; 7 (7)               ; 0 (0)                     ; 0           ; 0          ; 0            ; 0       ; 0         ; 0    ; 0            ; 0          ; |risc_cpu|dec_7seg:seg_hi         ; dec_7seg        ; work         ;
;    |dec_7seg:seg_lo|         ; 7 (7)               ; 0 (0)                     ; 0           ; 0          ; 0            ; 0       ; 0         ; 0    ; 0            ; 0          ; |risc_cpu|dec_7seg:seg_lo         ; dec_7seg        ; work         ;
;    |discrete_alu:alu|        ; 66 (66)             ; 0 (0)                     ; 0           ; 0          ; 0            ; 0       ; 0         ; 0    ; 0            ; 0          ; |risc_cpu|discrete_alu:alu        ; discrete_alu    ; work         ;
;    |output_reg:led_register| ; 2 (2)               ; 8 (8)                     ; 0           ; 0          ; 0            ; 0       ; 0         ; 0    ; 0            ; 0          ; |risc_cpu|output_reg:led_register ; output_reg      ; work         ;
;    |output_reg:seg_register| ; 1 (1)               ; 8 (8)                     ; 0           ; 0          ; 0            ; 0       ; 0         ; 0    ; 0            ; 0          ; |risc_cpu|output_reg:seg_register ; output_reg      ; work         ;
;    |program_counter:pc|      ; 11 (11)             ; 8 (8)                     ; 0           ; 0          ; 0            ; 0       ; 0         ; 0    ; 0            ; 0          ; |risc_cpu|program_counter:pc      ; program_counter ; work         ;
;    |program_rom:rom|         ; 25 (25)             ; 0 (0)                     ; 0           ; 0          ; 0            ; 0       ; 0         ; 0    ; 0            ; 0          ; |risc_cpu|program_rom:rom         ; program_rom     ; work         ;
+------------------------------+---------------------+---------------------------+-------------+------------+--------------+---------+-----------+------+--------------+------------+-----------------------------------+-----------------+--------------+
Note: For table entries with two numbers listed, the numbers in parentheses indicate the number of resources of the given type used by the specific entity alone. The numbers listed outside of parentheses indicate the total resources of the given type used by the specific entity and all of its sub-entities in the hierarchy.


+-------------------------------------------------------------+
; Registers Removed During Synthesis                          ;
+----------------------------------------+--------------------+
; Register name                          ; Reason for Removal ;
+----------------------------------------+--------------------+
; data_registers:regs|registers[4][7]    ; Lost fanout        ;
; data_registers:regs|registers[4][6]    ; Lost fanout        ;
; data_registers:regs|registers[4][5]    ; Lost fanout        ;
; data_registers:regs|registers[4][4]    ; Lost fanout        ;
; data_registers:regs|registers[4][3]    ; Lost fanout        ;
; data_registers:regs|registers[4][2]    ; Lost fanout        ;
; data_registers:regs|registers[4][1]    ; Lost fanout        ;
; data_registers:regs|registers[4][0]    ; Lost fanout        ;
; data_registers:regs|registers[5][7]    ; Lost fanout        ;
; data_registers:regs|registers[5][6]    ; Lost fanout        ;
; data_registers:regs|registers[5][5]    ; Lost fanout        ;
; data_registers:regs|registers[5][4]    ; Lost fanout        ;
; data_registers:regs|registers[5][3]    ; Lost fanout        ;
; data_registers:regs|registers[5][2]    ; Lost fanout        ;
; data_registers:regs|registers[5][1]    ; Lost fanout        ;
; data_registers:regs|registers[5][0]    ; Lost fanout        ;
; data_registers:regs|registers[6][7]    ; Lost fanout        ;
; data_registers:regs|registers[6][6]    ; Lost fanout        ;
; data_registers:regs|registers[6][5]    ; Lost fanout        ;
; data_registers:regs|registers[6][4]    ; Lost fanout        ;
; data_registers:regs|registers[6][3]    ; Lost fanout        ;
; data_registers:regs|registers[6][2]    ; Lost fanout        ;
; data_registers:regs|registers[6][1]    ; Lost fanout        ;
; data_registers:regs|registers[6][0]    ; Lost fanout        ;
; data_registers:regs|registers[7][7]    ; Lost fanout        ;
; data_registers:regs|registers[7][6]    ; Lost fanout        ;
; data_registers:regs|registers[7][5]    ; Lost fanout        ;
; data_registers:regs|registers[7][4]    ; Lost fanout        ;
; data_registers:regs|registers[7][3]    ; Lost fanout        ;
; data_registers:regs|registers[7][2]    ; Lost fanout        ;
; data_registers:regs|registers[7][1]    ; Lost fanout        ;
; data_registers:regs|registers[7][0]    ; Lost fanout        ;
; Total Number of Removed Registers = 32 ;                    ;
+----------------------------------------+--------------------+


+------------------------------------------------------+
; General Register Statistics                          ;
+----------------------------------------------+-------+
; Statistic                                    ; Value ;
+----------------------------------------------+-------+
; Total registers                              ; 83    ;
; Number of registers using Synchronous Clear  ; 0     ;
; Number of registers using Synchronous Load   ; 6     ;
; Number of registers using Asynchronous Clear ; 83    ;
; Number of registers using Asynchronous Load  ; 0     ;
; Number of registers using Clock Enable       ; 56    ;
; Number of registers using Preset             ; 0     ;
+----------------------------------------------+-------+


+-----------------------------------------------------------------------------------------------------------------------------------------------------------+
; Multiplexer Restructuring Statistics (Restructuring Performed)                                                                                            ;
+--------------------+-----------+---------------+----------------------+------------------------+------------+---------------------------------------------+
; Multiplexer Inputs ; Bus Width ; Baseline Area ; Area if Restructured ; Saving if Restructured ; Registered ; Example Multiplexer Output                  ;
+--------------------+-----------+---------------+----------------------+------------------------+------------+---------------------------------------------+
; 4:1                ; 2 bits    ; 4 LEs         ; 4 LEs                ; 0 LEs                  ; Yes        ; |risc_cpu|program_counter:pc|counter_tmp[4] ;
; 4:1                ; 6 bits    ; 12 LEs        ; 12 LEs               ; 0 LEs                  ; Yes        ; |risc_cpu|program_counter:pc|counter_tmp[3] ;
; 4:1                ; 8 bits    ; 16 LEs        ; 16 LEs               ; 0 LEs                  ; No         ; |risc_cpu|data_registers:regs|Mux7          ;
; 9:1                ; 6 bits    ; 36 LEs        ; 24 LEs               ; 12 LEs                 ; No         ; |risc_cpu|discrete_alu:alu|result[1]        ;
; 6:1                ; 2 bits    ; 8 LEs         ; 8 LEs                ; 0 LEs                  ; No         ; |risc_cpu|Mux3                              ;
; 6:1                ; 6 bits    ; 24 LEs        ; 24 LEs               ; 0 LEs                  ; No         ; |risc_cpu|Mux6                              ;
+--------------------+-----------+---------------+----------------------+------------------------+------------+---------------------------------------------+


+----------------------------------------------------------------+
; Parameter Settings for User Entity Instance: clk_div:cpu_clock ;
+----------------+-------+---------------------------------------+
; Parameter Name ; Value ; Type                                  ;
+----------------+-------+---------------------------------------+
; freq_out       ; 1     ; Signed Integer                        ;
+----------------+-------+---------------------------------------+
Note: In order to hide this table in the UI and the text report file, please set the "Show Parameter Settings in Synthesis Report" option in "Analysis and Synthesis Settings -> More Settings" to "Off".


+----------------------------------------------------------------------------------------------------------------------------------+
; Port Connectivity Checks: "control_unit:ctrl"                                                                                    ;
+------------------------+--------+----------+-------------------------------------------------------------------------------------+
; Port                   ; Type   ; Severity ; Details                                                                             ;
+------------------------+--------+----------+-------------------------------------------------------------------------------------+
; increment_pc_operation ; Output ; Info     ; Connected to dangling logic. Logic that only feeds a dangling port will be removed. ;
+------------------------+--------+----------+-------------------------------------------------------------------------------------+


+-----------------------------------------------------+
; Post-Synthesis Netlist Statistics for Top Partition ;
+-----------------------+-----------------------------+
; Type                  ; Count                       ;
+-----------------------+-----------------------------+
; boundary_port         ; 66                          ;
; cycloneiii_ff         ; 83                          ;
;     CLR               ; 27                          ;
;     ENA CLR           ; 50                          ;
;     ENA CLR SLD       ; 6                           ;
; cycloneiii_lcell_comb ; 245                         ;
;     arith             ; 40                          ;
;         2 data inputs ; 33                          ;
;         3 data inputs ; 7                           ;
;     normal            ; 205                         ;
;         0 data inputs ; 1                           ;
;         1 data inputs ; 4                           ;
;         2 data inputs ; 29                          ;
;         3 data inputs ; 13                          ;
;         4 data inputs ; 158                         ;
;                       ;                             ;
; Max LUT depth         ; 12.30                       ;
; Average LUT depth     ; 7.31                        ;
+-----------------------+-----------------------------+


+-------------------------------+
; Elapsed Time Per Partition    ;
+----------------+--------------+
; Partition Name ; Elapsed Time ;
+----------------+--------------+
; Top            ; 00:00:00     ;
+----------------+--------------+


+-------------------------------+
; Analysis & Synthesis Messages ;
+-------------------------------+
Info: *******************************************************************
Info: Running Quartus Prime Analysis & Synthesis
    Info: Version 25.1std.0 Build 1129 10/21/2025 SC Lite Edition
    Info: Processing started: Mon Apr 27 12:42:21 2026
Info: Command: quartus_map --read_settings_files=on --write_settings_files=off risc_cpu -c risc_cpu
Warning (18236): Number of processors has not been specified which may cause overloading on shared machines.  Set the global assignment NUM_PARALLEL_PROCESSORS in your QSF to an appropriate value for best performance.
Info (20030): Parallel compilation is enabled and will use 2 of the 2 processors detected
Warning (12125): Using design file risc_cpu.vhd, which is not specified as a design file for the current project, but contains definitions for 2 design units and 1 entities in project
    Info (12022): Found design unit 1: risc_cpu-structural File: C:/Users/1/AppData/Local/quartus/risc_cpu.vhd Line: 65
    Info (12023): Found entity 1: risc_cpu File: C:/Users/1/AppData/Local/quartus/risc_cpu.vhd Line: 53
Info (12127): Elaborating entity "risc_cpu" for the top level hierarchy
Warning (10036): Verilog HDL or VHDL warning at risc_cpu.vhd(164): object "ctrl_pc_inc" assigned a value but never read File: C:/Users/1/AppData/Local/quartus/risc_cpu.vhd Line: 164
Warning (12125): Using design file clk_div.vhd, which is not specified as a design file for the current project, but contains definitions for 2 design units and 1 entities in project
    Info (12022): Found design unit 1: clk_div-behavior File: C:/Users/1/AppData/Local/quartus/clk_div.vhd Line: 22
    Info (12023): Found entity 1: clk_div File: C:/Users/1/AppData/Local/quartus/clk_div.vhd Line: 11
Info (12128): Elaborating entity "clk_div" for hierarchy "clk_div:cpu_clock" File: C:/Users/1/AppData/Local/quartus/risc_cpu.vhd Line: 187
Warning (12125): Using design file program_counter.vhd, which is not specified as a design file for the current project, but contains definitions for 2 design units and 1 entities in project
    Info (12022): Found design unit 1: program_counter-behavior File: C:/Users/1/AppData/Local/quartus/program_counter.vhd Line: 17
    Info (12023): Found entity 1: program_counter File: C:/Users/1/AppData/Local/quartus/program_counter.vhd Line: 7
Info (12128): Elaborating entity "program_counter" for hierarchy "program_counter:pc" File: C:/Users/1/AppData/Local/quartus/risc_cpu.vhd Line: 196
Warning (12125): Using design file program_rom.vhd, which is not specified as a design file for the current project, but contains definitions for 2 design units and 1 entities in project
    Info (12022): Found design unit 1: program_rom-behavior File: C:/Users/1/AppData/Local/quartus/program_rom.vhd Line: 31
    Info (12023): Found entity 1: program_rom File: C:/Users/1/AppData/Local/quartus/program_rom.vhd Line: 20
Info (12128): Elaborating entity "program_rom" for hierarchy "program_rom:rom" File: C:/Users/1/AppData/Local/quartus/risc_cpu.vhd Line: 209
Warning (12125): Using design file control_unit.vhd, which is not specified as a design file for the current project, but contains definitions for 2 design units and 1 entities in project
    Info (12022): Found design unit 1: control_unit-behavior File: C:/Users/1/AppData/Local/quartus/control_unit.vhd Line: 34
    Info (12023): Found entity 1: control_unit File: C:/Users/1/AppData/Local/quartus/control_unit.vhd Line: 20
Info (12128): Elaborating entity "control_unit" for hierarchy "control_unit:ctrl" File: C:/Users/1/AppData/Local/quartus/risc_cpu.vhd Line: 220
Warning (12125): Using design file data_registers.vhd, which is not specified as a design file for the current project, but contains definitions for 2 design units and 1 entities in project
    Info (12022): Found design unit 1: data_registers-behavior File: C:/Users/1/AppData/Local/quartus/data_registers.vhd Line: 23
    Info (12023): Found entity 1: data_registers File: C:/Users/1/AppData/Local/quartus/data_registers.vhd Line: 8
Info (12128): Elaborating entity "data_registers" for hierarchy "data_registers:regs" File: C:/Users/1/AppData/Local/quartus/risc_cpu.vhd Line: 235
Warning (12125): Using design file discrete_alu.vhd, which is not specified as a design file for the current project, but contains definitions for 2 design units and 1 entities in project
    Info (12022): Found design unit 1: discrete_alu-behavior File: C:/Users/1/AppData/Local/quartus/discrete_alu.vhd Line: 19
    Info (12023): Found entity 1: discrete_alu File: C:/Users/1/AppData/Local/quartus/discrete_alu.vhd Line: 9
Info (12128): Elaborating entity "discrete_alu" for hierarchy "discrete_alu:alu" File: C:/Users/1/AppData/Local/quartus/risc_cpu.vhd Line: 261
Warning (12125): Using design file output_reg.vhd, which is not specified as a design file for the current project, but contains definitions for 2 design units and 1 entities in project
    Info (12022): Found design unit 1: output_reg-behavior File: C:/Users/1/AppData/Local/quartus/output_reg.vhd Line: 20
    Info (12023): Found entity 1: output_reg File: C:/Users/1/AppData/Local/quartus/output_reg.vhd Line: 9
Info (12128): Elaborating entity "output_reg" for hierarchy "output_reg:seg_register" File: C:/Users/1/AppData/Local/quartus/risc_cpu.vhd Line: 301
Warning (12125): Using design file dec_7seg.vhd, which is not specified as a design file for the current project, but contains definitions for 2 design units and 1 entities in project
    Info (12022): Found design unit 1: dec_7seg-behavior File: C:/Users/1/AppData/Local/quartus/dec_7seg.vhd Line: 16
    Info (12023): Found entity 1: dec_7seg File: C:/Users/1/AppData/Local/quartus/dec_7seg.vhd Line: 9
Info (12128): Elaborating entity "dec_7seg" for hierarchy "dec_7seg:seg_hi" File: C:/Users/1/AppData/Local/quartus/risc_cpu.vhd Line: 322
Warning (13024): Output pins are stuck at VCC or GND
    Warning (13410): Pin "segment_high[7]" is stuck at VCC File: C:/Users/1/AppData/Local/quartus/risc_cpu.vhd Line: 58
    Warning (13410): Pin "segment_low[7]" is stuck at VCC File: C:/Users/1/AppData/Local/quartus/risc_cpu.vhd Line: 59
    Warning (13410): Pin "unused_segs[0]" is stuck at VCC File: C:/Users/1/AppData/Local/quartus/risc_cpu.vhd Line: 61
    Warning (13410): Pin "unused_segs[1]" is stuck at VCC File: C:/Users/1/AppData/Local/quartus/risc_cpu.vhd Line: 61
    Warning (13410): Pin "unused_segs[2]" is stuck at VCC File: C:/Users/1/AppData/Local/quartus/risc_cpu.vhd Line: 61
    Warning (13410): Pin "unused_segs[3]" is stuck at VCC File: C:/Users/1/AppData/Local/quartus/risc_cpu.vhd Line: 61
    Warning (13410): Pin "unused_segs[4]" is stuck at VCC File: C:/Users/1/AppData/Local/quartus/risc_cpu.vhd Line: 61
    Warning (13410): Pin "unused_segs[5]" is stuck at VCC File: C:/Users/1/AppData/Local/quartus/risc_cpu.vhd Line: 61
    Warning (13410): Pin "unused_segs[6]" is stuck at VCC File: C:/Users/1/AppData/Local/quartus/risc_cpu.vhd Line: 61
    Warning (13410): Pin "unused_segs[7]" is stuck at VCC File: C:/Users/1/AppData/Local/quartus/risc_cpu.vhd Line: 61
    Warning (13410): Pin "unused_segs[8]" is stuck at VCC File: C:/Users/1/AppData/Local/quartus/risc_cpu.vhd Line: 61
    Warning (13410): Pin "unused_segs[9]" is stuck at VCC File: C:/Users/1/AppData/Local/quartus/risc_cpu.vhd Line: 61
    Warning (13410): Pin "unused_segs[10]" is stuck at VCC File: C:/Users/1/AppData/Local/quartus/risc_cpu.vhd Line: 61
    Warning (13410): Pin "unused_segs[11]" is stuck at VCC File: C:/Users/1/AppData/Local/quartus/risc_cpu.vhd Line: 61
    Warning (13410): Pin "unused_segs[12]" is stuck at VCC File: C:/Users/1/AppData/Local/quartus/risc_cpu.vhd Line: 61
    Warning (13410): Pin "unused_segs[13]" is stuck at VCC File: C:/Users/1/AppData/Local/quartus/risc_cpu.vhd Line: 61
    Warning (13410): Pin "unused_segs[14]" is stuck at VCC File: C:/Users/1/AppData/Local/quartus/risc_cpu.vhd Line: 61
    Warning (13410): Pin "unused_segs[15]" is stuck at VCC File: C:/Users/1/AppData/Local/quartus/risc_cpu.vhd Line: 61
    Warning (13410): Pin "unused_segs[16]" is stuck at VCC File: C:/Users/1/AppData/Local/quartus/risc_cpu.vhd Line: 61
    Warning (13410): Pin "unused_segs[17]" is stuck at VCC File: C:/Users/1/AppData/Local/quartus/risc_cpu.vhd Line: 61
    Warning (13410): Pin "unused_segs[18]" is stuck at VCC File: C:/Users/1/AppData/Local/quartus/risc_cpu.vhd Line: 61
    Warning (13410): Pin "unused_segs[19]" is stuck at VCC File: C:/Users/1/AppData/Local/quartus/risc_cpu.vhd Line: 61
    Warning (13410): Pin "unused_segs[20]" is stuck at VCC File: C:/Users/1/AppData/Local/quartus/risc_cpu.vhd Line: 61
    Warning (13410): Pin "unused_segs[21]" is stuck at VCC File: C:/Users/1/AppData/Local/quartus/risc_cpu.vhd Line: 61
    Warning (13410): Pin "unused_segs[22]" is stuck at VCC File: C:/Users/1/AppData/Local/quartus/risc_cpu.vhd Line: 61
    Warning (13410): Pin "unused_segs[23]" is stuck at VCC File: C:/Users/1/AppData/Local/quartus/risc_cpu.vhd Line: 61
    Warning (13410): Pin "unused_segs[24]" is stuck at VCC File: C:/Users/1/AppData/Local/quartus/risc_cpu.vhd Line: 61
    Warning (13410): Pin "unused_segs[25]" is stuck at VCC File: C:/Users/1/AppData/Local/quartus/risc_cpu.vhd Line: 61
    Warning (13410): Pin "unused_segs[26]" is stuck at VCC File: C:/Users/1/AppData/Local/quartus/risc_cpu.vhd Line: 61
    Warning (13410): Pin "unused_segs[27]" is stuck at VCC File: C:/Users/1/AppData/Local/quartus/risc_cpu.vhd Line: 61
    Warning (13410): Pin "unused_segs[28]" is stuck at VCC File: C:/Users/1/AppData/Local/quartus/risc_cpu.vhd Line: 61
    Warning (13410): Pin "unused_segs[29]" is stuck at VCC File: C:/Users/1/AppData/Local/quartus/risc_cpu.vhd Line: 61
    Warning (13410): Pin "unused_segs[30]" is stuck at VCC File: C:/Users/1/AppData/Local/quartus/risc_cpu.vhd Line: 61
    Warning (13410): Pin "unused_segs[31]" is stuck at VCC File: C:/Users/1/AppData/Local/quartus/risc_cpu.vhd Line: 61
Info (286030): Timing-Driven Synthesis is running
Info (17049): 32 registers lost all their fanouts during netlist optimizations.
Info (16010): Generating hard_block partition "hard_block:auto_generated_inst"
    Info (16011): Adding 0 node(s), including 0 DDIO, 0 PLL, 0 transceiver and 0 LCELL
Info (21057): Implemented 357 device resources after synthesis - the final resource count might be different
    Info (21058): Implemented 10 input pins
    Info (21059): Implemented 56 output pins
    Info (21061): Implemented 291 logic cells
Info: Quartus Prime Analysis & Synthesis was successful. 0 errors, 46 warnings
    Info: Peak virtual memory: 4844 megabytes
    Info: Processing ended: Mon Apr 27 12:42:29 2026
    Info: Elapsed time: 00:00:08
    Info: Total CPU time (on all processors): 00:00:09


